<!DOCTYPE html>

<html>
  <head>
  <title>TestNG reports</title>

    <link type="text/css" href="testng-reports.css" rel="stylesheet" />  
    <script type="text/javascript" src="jquery-1.7.1.min.js"></script>
    <script type="text/javascript" src="testng-reports.js"></script>
    <script type="text/javascript" src="https://www.google.com/jsapi"></script>
    <script type='text/javascript'>
      google.load('visualization', '1', {packages:['table']});
      google.setOnLoadCallback(drawTable);
      var suiteTableInitFunctions = new Array();
      var suiteTableData = new Array();
    </script>
    <!--
      <script type="text/javascript" src="jquery-ui/js/jquery-ui-1.8.16.custom.min.js"></script>
     -->
  </head>

  <body>
    <div class="top-banner-root">
      <span class="top-banner-title-font">Test results</span>
      <br/>
      <span class="top-banner-font-1">1 suite, 4 failed tests</span>
    </div> <!-- top-banner-root -->
    <div class="navigator-root">
      <div class="navigator-suite-header">
        <span>All suites</span>
        <a href="#" class="collapse-all-link" title="Collapse/expand all the suites">
          <img class="collapse-all-icon" src="collapseall.gif">
          </img> <!-- collapse-all-icon -->
        </a> <!-- collapse-all-link -->
      </div> <!-- navigator-suite-header -->
      <div class="suite">
        <div class="rounded-window">
          <div class="suite-header light-rounded-window-top">
            <a href="#" class="navigator-link" panel-name="suite-Naukri_Profile_Update_Test_Suite">
              <span class="suite-name border-failed">Naukri Profile Update Test Suite</span>
            </a> <!-- navigator-link -->
          </div> <!-- suite-header light-rounded-window-top -->
          <div class="navigator-suite-content">
            <div class="suite-section-title">
              <span>Info</span>
            </div> <!-- suite-section-title -->
            <div class="suite-section-content">
              <ul>
                <li>
                  <a href="#" class="navigator-link " panel-name="test-xml-Naukri_Profile_Update_Test_Suite">
                    <span>C:\Lunar\Naukri_Parameterization\testng.xml</span>
                  </a> <!-- navigator-link  -->
                </li>
                <li>
                  <a href="#" class="navigator-link " panel-name="testlist-Naukri_Profile_Update_Test_Suite">
                    <span class="test-stats">1 test</span>
                  </a> <!-- navigator-link  -->
                </li>
                <li>
                  <a href="#" class="navigator-link " panel-name="group-Naukri_Profile_Update_Test_Suite">
                    <span>0 groups</span>
                  </a> <!-- navigator-link  -->
                </li>
                <li>
                  <a href="#" class="navigator-link " panel-name="times-Naukri_Profile_Update_Test_Suite">
                    <span>Times</span>
                  </a> <!-- navigator-link  -->
                </li>
                <li>
                  <a href="#" class="navigator-link " panel-name="reporter-Naukri_Profile_Update_Test_Suite">
                    <span>Reporter output</span>
                  </a> <!-- navigator-link  -->
                </li>
                <li>
                  <a href="#" class="navigator-link " panel-name="ignored-methods-Naukri_Profile_Update_Test_Suite">
                    <span>Ignored methods</span>
                  </a> <!-- navigator-link  -->
                </li>
                <li>
                  <a href="#" class="navigator-link " panel-name="chronological-Naukri_Profile_Update_Test_Suite">
                    <span>Chronological view</span>
                  </a> <!-- navigator-link  -->
                </li>
              </ul>
            </div> <!-- suite-section-content -->
            <div class="result-section">
              <div class="suite-section-title">
                <span>Results</span>
              </div> <!-- suite-section-title -->
              <div class="suite-section-content">
                <ul>
                  <li>
                    <span class="method-stats">5 methods, 4 failed,  1 skipped,  </span>
                  </li>
                  <li>
                    <span class="method-list-title failed">Failed methods</span>
                    <span class="show-or-hide-methods failed">
                      <a href="#" panel-name="suite-Naukri_Profile_Update_Test_Suite" class="hide-methods failed suite-Naukri_Profile_Update_Test_Suite"> (hide)</a> <!-- hide-methods failed suite-Naukri_Profile_Update_Test_Suite -->
                      <a href="#" panel-name="suite-Naukri_Profile_Update_Test_Suite" class="show-methods failed suite-Naukri_Profile_Update_Test_Suite"> (show)</a> <!-- show-methods failed suite-Naukri_Profile_Update_Test_Suite -->
                    </span>
                    <div class="method-list-content failed suite-Naukri_Profile_Update_Test_Suite">
                      <span>
                        <img width="3%" src="failed.png"/>
                        <a href="#" class="method navigator-link" panel-name="suite-Naukri_Profile_Update_Test_Suite" title="com.Naukri.Test.NaukriLogin" hash-for-method="profiledailyupdate(LoginTest, akt.jbl@gmail.com, akt@123, Chrome, Y)">profiledailyupdate(LoginTest, akt.jbl@gmail.com, akt@123, Chrome, Y)</a> <!-- method navigator-link -->
                      </span>
                      <br/>
                      <span>
                        <img width="3%" src="failed.png"/>
                        <a href="#" class="method navigator-link" panel-name="suite-Naukri_Profile_Update_Test_Suite" title="com.Naukri.Test.NaukriLogin" hash-for-method="profiledailyupdate(LoginTest, akt.jbl@gmail.com, akt@123, Chrome, Y)">profiledailyupdate(LoginTest, akt.jbl@gmail.com, akt@123, Chrome, Y)</a> <!-- method navigator-link -->
                      </span>
                      <br/>
                      <span>
                        <img width="3%" src="failed.png"/>
                        <a href="#" class="method navigator-link" panel-name="suite-Naukri_Profile_Update_Test_Suite" title="com.Naukri.Test.NaukriLogin" hash-for-method="profiledailyupdate(LoginTest, akt.jbl@gmail.com, akt@123, Mozilla, Y)">profiledailyupdate(LoginTest, akt.jbl@gmail.com, akt@123, Mozilla, Y)</a> <!-- method navigator-link -->
                      </span>
                      <br/>
                      <span>
                        <img width="3%" src="failed.png"/>
                        <a href="#" class="method navigator-link" panel-name="suite-Naukri_Profile_Update_Test_Suite" title="com.Naukri.Test.NaukriLogin" hash-for-method="profiledailyupdate(LoginTest, akt.jbl@gmail.com, akt@123, Mozilla, Y)">profiledailyupdate(LoginTest, akt.jbl@gmail.com, akt@123, Mozilla, Y)</a> <!-- method navigator-link -->
                      </span>
                      <br/>
                    </div> <!-- method-list-content failed suite-Naukri_Profile_Update_Test_Suite -->
                  </li>
                  <li>
                    <span class="method-list-title skipped">Skipped methods</span>
                    <span class="show-or-hide-methods skipped">
                      <a href="#" panel-name="suite-Naukri_Profile_Update_Test_Suite" class="hide-methods skipped suite-Naukri_Profile_Update_Test_Suite"> (hide)</a> <!-- hide-methods skipped suite-Naukri_Profile_Update_Test_Suite -->
                      <a href="#" panel-name="suite-Naukri_Profile_Update_Test_Suite" class="show-methods skipped suite-Naukri_Profile_Update_Test_Suite"> (show)</a> <!-- show-methods skipped suite-Naukri_Profile_Update_Test_Suite -->
                    </span>
                    <div class="method-list-content skipped suite-Naukri_Profile_Update_Test_Suite">
                      <span>
                        <img width="3%" src="skipped.png"/>
                        <a href="#" class="method navigator-link" panel-name="suite-Naukri_Profile_Update_Test_Suite" title="com.Naukri.Test.NaukriLogin" hash-for-method="profiledailyupdate(LoginTest, akt.jbl@gmail.com, akt@123, Mozilla, N)">profiledailyupdate(LoginTest, akt.jbl@gmail.com, akt@123, Mozilla, N)</a> <!-- method navigator-link -->
                      </span>
                      <br/>
                    </div> <!-- method-list-content skipped suite-Naukri_Profile_Update_Test_Suite -->
                  </li>
                </ul>
              </div> <!-- suite-section-content -->
            </div> <!-- result-section -->
          </div> <!-- navigator-suite-content -->
        </div> <!-- rounded-window -->
      </div> <!-- suite -->
    </div> <!-- navigator-root -->
    <div class="wrapper">
      <div class="main-panel-root">
        <div panel-name="suite-Naukri_Profile_Update_Test_Suite" class="panel Naukri_Profile_Update_Test_Suite">
          <div class="suite-Naukri_Profile_Update_Test_Suite-class-failed">
            <div class="main-panel-header rounded-window-top">
              <img src="failed.png"/>
              <span class="class-name">com.Naukri.Test.NaukriLogin</span>
            </div> <!-- main-panel-header rounded-window-top -->
            <div class="main-panel-content rounded-window-bottom">
              <div class="method">
                <div class="method-content">
                  <a name="profiledailyupdate(LoginTest, akt.jbl@gmail.com, akt@123, Chrome, Y)">
                  </a> <!-- profiledailyupdate(LoginTest, akt.jbl@gmail.com, akt@123, Chrome, Y) -->
                  <span class="method-name">profiledailyupdate</span>
                  <span class="parameters">(LoginTest, akt.jbl@gmail.com, akt@123, Chrome, Y)</span>
                  <div class="stack-trace">java.lang.Throwable: Multiple failures (2):nnFailure 1 of 2:njava.lang.AssertionError: Page title is not matching  expected [true] but found [false]
	at com.Naukri.Test.NaukriLogin.profiledailyupdate(NaukriLogin.java:45)
nnFailure 2 of 2:norg.openqa.selenium.InvalidSelectorException: invalid selector: Unable to locate an element with the xpath expression //div[@id=&apos;rPanel&apos;]/div/h2[4]/a because of the following error:
TypeError: Failed to execute &apos;createNSResolver&apos; on &apos;Document&apos;: parameter 1 is not of type &apos;Node&apos;.
  (Session info: chrome=44.0.2403.155)
  (Driver info: chromedriver=2.12.301325 (962dea43ddd90e7e4224a03fa3c36a421281abb7),platform=Windows NT 6.1 SP1 x86) (WARNING: The server did not provide any stacktrace information)
Command duration or timeout: 1.28 seconds
For documentation on this error, please visit: http://seleniumhq.org/exceptions/invalid_selector_exception.html
Build info: version: &apos;2.44.0&apos;, revision: &apos;76d78cf&apos;, time: &apos;2014-10-23 20:03:00&apos;
System info: host: &apos;admin-&apos;, ip: &apos;192.168.1.4&apos;, os.name: &apos;Windows 7&apos;, os.arch: &apos;x86&apos;, os.version: &apos;6.1&apos;, java.version: &apos;1.8.0_25&apos;
Driver info: org.openqa.selenium.chrome.ChromeDriver
Capabilities [{applicationCacheEnabled=false, rotatable=false, mobileEmulationEnabled=false, chrome={userDataDir=C:\Users\admin\AppData\Local\Temp\scoped_dir504_28889}, takesHeapSnapshot=true, databaseEnabled=false, handlesAlerts=true, version=44.0.2403.155, platform=XP, browserConnectionEnabled=false, nativeEvents=true, acceptSslCerts=true, locationContextEnabled=true, webStorageEnabled=true, browserName=chrome, takesScreenshot=true, javascriptEnabled=true, cssSelectorsEnabled=true}]
Session ID: 3a6e1fcfb9a23624f421cb0ce134f67d
	at org.openqa.selenium.remote.ErrorHandler.createThrowable(ErrorHandler.java:204)
	at org.openqa.selenium.remote.ErrorHandler.throwIfResponseFailed(ErrorHandler.java:156)
	at org.openqa.selenium.remote.RemoteWebDriver.execute(RemoteWebDriver.java:599)
	at org.openqa.selenium.remote.RemoteWebDriver.findElement(RemoteWebDriver.java:352)
	at org.openqa.selenium.remote.RemoteWebDriver.findElementByXPath(RemoteWebDriver.java:449)
	at org.openqa.selenium.By$ByXPath.findElement(By.java:357)
	at org.openqa.selenium.remote.RemoteWebDriver.findElement(RemoteWebDriver.java:344)
	at com.Naukri.Selenium.Layer.Keywords.clickonelement(Keywords.java:72)
	at com.Naukri.Test.NaukriLogin.profiledailyupdate(NaukriLogin.java:53)
... Removed 53 stack frames
</div> <!-- stack-trace -->
                </div> <!-- method-content -->
              </div> <!-- method -->
              <div class="method">
                <div class="method-content">
                  <a name="profiledailyupdate(LoginTest, akt.jbl@gmail.com, akt@123, Chrome, Y)">
                  </a> <!-- profiledailyupdate(LoginTest, akt.jbl@gmail.com, akt@123, Chrome, Y) -->
                  <span class="method-name">profiledailyupdate</span>
                  <span class="parameters">(LoginTest, akt.jbl@gmail.com, akt@123, Chrome, Y)</span>
                  <div class="stack-trace">org.openqa.selenium.WebDriverException: unknown error: Element is not clickable at point (630, 166). Other element would receive the click: &lt;div class=&quot;row&quot;&gt;...&lt;/div&gt;
  (Session info: chrome=44.0.2403.155)
  (Driver info: chromedriver=2.12.301325 (962dea43ddd90e7e4224a03fa3c36a421281abb7),platform=Windows NT 6.1 SP1 x86) (WARNING: The server did not provide any stacktrace information)
Command duration or timeout: 333 milliseconds
Build info: version: &apos;2.44.0&apos;, revision: &apos;76d78cf&apos;, time: &apos;2014-10-23 20:03:00&apos;
System info: host: &apos;admin-&apos;, ip: &apos;192.168.1.4&apos;, os.name: &apos;Windows 7&apos;, os.arch: &apos;x86&apos;, os.version: &apos;6.1&apos;, java.version: &apos;1.8.0_25&apos;
Driver info: org.openqa.selenium.chrome.ChromeDriver
Capabilities [{applicationCacheEnabled=false, rotatable=false, mobileEmulationEnabled=false, chrome={userDataDir=C:\Users\admin\AppData\Local\Temp\scoped_dir200_9099}, takesHeapSnapshot=true, databaseEnabled=false, handlesAlerts=true, version=44.0.2403.155, platform=XP, browserConnectionEnabled=false, nativeEvents=true, acceptSslCerts=true, locationContextEnabled=true, webStorageEnabled=true, browserName=chrome, takesScreenshot=true, javascriptEnabled=true, cssSelectorsEnabled=true}]
Session ID: fd4d7faf9564186de16ca03c83510b3f
	at org.openqa.selenium.remote.ErrorHandler.createThrowable(ErrorHandler.java:204)
	at org.openqa.selenium.remote.ErrorHandler.throwIfResponseFailed(ErrorHandler.java:156)
	at org.openqa.selenium.remote.RemoteWebDriver.execute(RemoteWebDriver.java:599)
	at org.openqa.selenium.remote.RemoteWebElement.execute(RemoteWebElement.java:268)
	at org.openqa.selenium.remote.RemoteWebElement.click(RemoteWebElement.java:79)
	at com.Naukri.Selenium.Layer.Keywords.clickonelement(Keywords.java:72)
	at com.Naukri.Test.NaukriLogin.profiledailyupdate(NaukriLogin.java:39)
... Removed 27 stack frames
</div> <!-- stack-trace -->
                </div> <!-- method-content -->
              </div> <!-- method -->
              <div class="method">
                <div class="method-content">
                  <a name="profiledailyupdate(LoginTest, akt.jbl@gmail.com, akt@123, Mozilla, Y)">
                  </a> <!-- profiledailyupdate(LoginTest, akt.jbl@gmail.com, akt@123, Mozilla, Y) -->
                  <span class="method-name">profiledailyupdate</span>
                  <span class="parameters">(LoginTest, akt.jbl@gmail.com, akt@123, Mozilla, Y)</span>
                  <div class="stack-trace">java.lang.AssertionError: Page title is not matching  expected [true] but found [false]
	at com.Naukri.Test.NaukriLogin.profiledailyupdate(NaukriLogin.java:45)
... Removed 26 stack frames
</div> <!-- stack-trace -->
                </div> <!-- method-content -->
              </div> <!-- method -->
              <div class="method">
                <div class="method-content">
                  <a name="profiledailyupdate(LoginTest, akt.jbl@gmail.com, akt@123, Mozilla, Y)">
                  </a> <!-- profiledailyupdate(LoginTest, akt.jbl@gmail.com, akt@123, Mozilla, Y) -->
                  <span class="method-name">profiledailyupdate</span>
                  <span class="parameters">(LoginTest, akt.jbl@gmail.com, akt@123, Mozilla, Y)</span>
                  <div class="stack-trace">java.lang.AssertionError: Page title is not matching  expected [true] but found [false]
	at com.Naukri.Test.NaukriLogin.profiledailyupdate(NaukriLogin.java:45)
... Removed 26 stack frames
</div> <!-- stack-trace -->
                </div> <!-- method-content -->
              </div> <!-- method -->
            </div> <!-- main-panel-content rounded-window-bottom -->
          </div> <!-- suite-Naukri_Profile_Update_Test_Suite-class-failed -->
          <div class="suite-Naukri_Profile_Update_Test_Suite-class-skipped">
            <div class="main-panel-header rounded-window-top">
              <img src="skipped.png"/>
              <span class="class-name">com.Naukri.Test.NaukriLogin</span>
            </div> <!-- main-panel-header rounded-window-top -->
            <div class="main-panel-content rounded-window-bottom">
              <div class="method">
                <div class="method-content">
                  <a name="profiledailyupdate(LoginTest, akt.jbl@gmail.com, akt@123, Mozilla, N)">
                  </a> <!-- profiledailyupdate(LoginTest, akt.jbl@gmail.com, akt@123, Mozilla, N) -->
                  <span class="method-name">profiledailyupdate</span>
                  <span class="parameters">(LoginTest, akt.jbl@gmail.com, akt@123, Mozilla, N)</span>
                  <div class="stack-trace">org.testng.SkipException: Skipping test because of flag is set to N
	at com.Naukri.Test.NaukriLogin.profiledailyupdate(NaukriLogin.java:32)
... Removed 23 stack frames
</div> <!-- stack-trace -->
                </div> <!-- method-content -->
              </div> <!-- method -->
            </div> <!-- main-panel-content rounded-window-bottom -->
          </div> <!-- suite-Naukri_Profile_Update_Test_Suite-class-skipped -->
        </div> <!-- panel Naukri_Profile_Update_Test_Suite -->
        <div panel-name="test-xml-Naukri_Profile_Update_Test_Suite" class="panel">
          <div class="main-panel-header rounded-window-top">
            <span class="header-content">C:\Lunar\Naukri_Parameterization\testng.xml</span>
          </div> <!-- main-panel-header rounded-window-top -->
          <div class="main-panel-content rounded-window-bottom">
            <pre>
&lt;?xml version=&quot;1.0&quot; encoding=&quot;UTF-8&quot;?&gt;
&lt;!DOCTYPE suite SYSTEM &quot;http://testng.org/testng-1.0.dtd&quot;&gt;
&lt;suite name=&quot;Naukri Profile Update Test Suite&quot;&gt;
  &lt;listeners&gt;
    &lt;listener class-name=&quot;com.Naukri.listener.TestsListenerAdapter&quot;/&gt;
  &lt;/listeners&gt;
  &lt;test name=&quot;Login test&quot;&gt;
    &lt;classes&gt;
      &lt;class name=&quot;com.Naukri.Test.NaukriLogin&quot;/&gt;
    &lt;/classes&gt;
  &lt;/test&gt; &lt;!-- Login test --&gt;
&lt;/suite&gt; &lt;!-- Naukri Profile Update Test Suite --&gt;
            </pre>
          </div> <!-- main-panel-content rounded-window-bottom -->
        </div> <!-- panel -->
        <div panel-name="testlist-Naukri_Profile_Update_Test_Suite" class="panel">
          <div class="main-panel-header rounded-window-top">
            <span class="header-content">Tests for Naukri Profile Update Test Suite</span>
          </div> <!-- main-panel-header rounded-window-top -->
          <div class="main-panel-content rounded-window-bottom">
            <ul>
              <li>
                <span class="test-name">Login test (1 class)</span>
              </li>
            </ul>
          </div> <!-- main-panel-content rounded-window-bottom -->
        </div> <!-- panel -->
        <div panel-name="group-Naukri_Profile_Update_Test_Suite" class="panel">
          <div class="main-panel-header rounded-window-top">
            <span class="header-content">Groups for Naukri Profile Update Test Suite</span>
          </div> <!-- main-panel-header rounded-window-top -->
          <div class="main-panel-content rounded-window-bottom">
          </div> <!-- main-panel-content rounded-window-bottom -->
        </div> <!-- panel -->
        <div panel-name="times-Naukri_Profile_Update_Test_Suite" class="panel">
          <div class="main-panel-header rounded-window-top">
            <span class="header-content">Times for Naukri Profile Update Test Suite</span>
          </div> <!-- main-panel-header rounded-window-top -->
          <div class="main-panel-content rounded-window-bottom">
            <div class="times-div">
              <script type="text/javascript">
suiteTableInitFunctions.push('tableData_Naukri_Profile_Update_Test_Suite');
function tableData_Naukri_Profile_Update_Test_Suite() {
var data = new google.visualization.DataTable();
data.addColumn('number', 'Number');
data.addColumn('string', 'Method');
data.addColumn('string', 'Class');
data.addColumn('number', 'Time (ms)');
data.addRows(5);
data.setCell(0, 0, 0)
data.setCell(0, 1, 'profiledailyupdate')
data.setCell(0, 2, 'com.Naukri.Test.NaukriLogin')
data.setCell(0, 3, 84603);
data.setCell(1, 0, 1)
data.setCell(1, 1, 'profiledailyupdate')
data.setCell(1, 2, 'com.Naukri.Test.NaukriLogin')
data.setCell(1, 3, 40597);
data.setCell(2, 0, 2)
data.setCell(2, 1, 'profiledailyupdate')
data.setCell(2, 2, 'com.Naukri.Test.NaukriLogin')
data.setCell(2, 3, 35926);
data.setCell(3, 0, 3)
data.setCell(3, 1, 'profiledailyupdate')
data.setCell(3, 2, 'com.Naukri.Test.NaukriLogin')
data.setCell(3, 3, 6702);
data.setCell(4, 0, 4)
data.setCell(4, 1, 'profiledailyupdate')
data.setCell(4, 2, 'com.Naukri.Test.NaukriLogin')
data.setCell(4, 3, 0);
window.suiteTableData['Naukri_Profile_Update_Test_Suite']= { tableData: data, tableDiv: 'times-div-Naukri_Profile_Update_Test_Suite'}
return data;
}
              </script>
              <span class="suite-total-time">Total running time: 2 minutes</span>
              <div id="times-div-Naukri_Profile_Update_Test_Suite">
              </div> <!-- times-div-Naukri_Profile_Update_Test_Suite -->
            </div> <!-- times-div -->
          </div> <!-- main-panel-content rounded-window-bottom -->
        </div> <!-- panel -->
        <div panel-name="reporter-Naukri_Profile_Update_Test_Suite" class="panel">
          <div class="main-panel-header rounded-window-top">
            <span class="header-content">Reporter output for Naukri Profile Update Test Suite</span>
          </div> <!-- main-panel-header rounded-window-top -->
          <div class="main-panel-content rounded-window-bottom">
          </div> <!-- main-panel-content rounded-window-bottom -->
        </div> <!-- panel -->
        <div panel-name="ignored-methods-Naukri_Profile_Update_Test_Suite" class="panel">
          <div class="main-panel-header rounded-window-top">
            <span class="header-content">0 ignored methods</span>
          </div> <!-- main-panel-header rounded-window-top -->
          <div class="main-panel-content rounded-window-bottom">
          </div> <!-- main-panel-content rounded-window-bottom -->
        </div> <!-- panel -->
        <div panel-name="chronological-Naukri_Profile_Update_Test_Suite" class="panel">
          <div class="main-panel-header rounded-window-top">
            <span class="header-content">Methods in chronological order</span>
          </div> <!-- main-panel-header rounded-window-top -->
          <div class="main-panel-content rounded-window-bottom">
            <div class="chronological-class">
              <div class="chronological-class-name">com.Naukri.Test.NaukriLogin</div> <!-- chronological-class-name -->
              <div class="test-method">
                <img src="failed.png">
                </img>
                <span class="method-name">profiledailyupdate(LoginTest, akt.jbl@gmail.com, akt@123, Mozilla, Y)</span>
                <span class="method-start">0 ms</span>
              </div> <!-- test-method -->
              <div class="test-method">
                <img src="failed.png">
                </img>
                <span class="method-name">profiledailyupdate(LoginTest, akt.jbl@gmail.com, akt@123, Chrome, Y)</span>
                <span class="method-start">40597 ms</span>
              </div> <!-- test-method -->
              <div class="test-method">
                <img src="failed.png">
                </img>
                <span class="method-name">profiledailyupdate(LoginTest, akt.jbl@gmail.com, akt@123, Mozilla, Y)</span>
                <span class="method-start">47299 ms</span>
              </div> <!-- test-method -->
              <div class="test-method">
                <img src="failed.png">
                </img>
                <span class="method-name">profiledailyupdate(LoginTest, akt.jbl@gmail.com, akt@123, Chrome, Y)</span>
                <span class="method-start">83225 ms</span>
              </div> <!-- test-method -->
              <div class="test-method">
                <span class="method-name">profiledailyupdate(LoginTest, akt.jbl@gmail.com, akt@123, Mozilla, N)</span>
                <span class="method-start">167843 ms</span>
              </div> <!-- test-method -->
          </div> <!-- main-panel-content rounded-window-bottom -->
        </div> <!-- panel -->
      </div> <!-- main-panel-root -->
    </div> <!-- wrapper -->
  </body>
</html>
