<?xml version="1.0" encoding="UTF-8"?>
<!-- Generated by org.testng.reporters.JUnitXMLReporter -->
<testsuite hostname="admin-" name="Login test" tests="5" failures="4" timestamp="12 Aug 2015 16:29:35 GMT" time="168.155" errors="0">
  <testcase name="profiledailyupdate" time="40.597" classname="com.Naukri.Test.NaukriLogin">
    <failure type="java.lang.AssertionError" message="Page title is not matching  expected [true] but found [false]">
      <![CDATA[java.lang.AssertionError: Page title is not matching  expected [true] but found [false]
	at com.Naukri.Test.NaukriLogin.profiledailyupdate(NaukriLogin.java:45)
... Removed 26 stack frames]]>
    </failure>
  </testcase> <!-- profiledailyupdate -->
  <testcase name="profiledailyupdate" time="6.702" classname="com.Naukri.Test.NaukriLogin">
    <failure type="org.openqa.selenium.WebDriverException" message="unknown error: Element is not clickable at point (630, 166). Other element would receive the click: &amp;lt;div class=&amp;quot;row&amp;quot;&amp;gt;...&amp;lt;/div&amp;gt;
  (Session info: chrome=44.0.2403.155)
  (Driver info: chromedriver=2.12.301325 (962dea43ddd90e7e4224a03fa3c36a421281abb7),platform=Windows NT 6.1 SP1 x86) (WARNING: The server did not provide any stacktrace information)
Command duration or timeout: 333 milliseconds
Build info: version: &amp;apos;2.44.0&amp;apos;, revision: &amp;apos;76d78cf&amp;apos;, time: &amp;apos;2014-10-23 20:03:00&amp;apos;
System info: host: &amp;apos;admin-&amp;apos;, ip: &amp;apos;192.168.1.4&amp;apos;, os.name: &amp;apos;Windows 7&amp;apos;, os.arch: &amp;apos;x86&amp;apos;, os.version: &amp;apos;6.1&amp;apos;, java.version: &amp;apos;1.8.0_25&amp;apos;
Driver info: org.openqa.selenium.chrome.ChromeDriver
Capabilities [{applicationCacheEnabled=false, rotatable=false, mobileEmulationEnabled=false, chrome={userDataDir=C:\Users\admin\AppData\Local\Temp\scoped_dir200_9099}, takesHeapSnapshot=true, databaseEnabled=false, handlesAlerts=true, version=44.0.2403.155, platform=XP, browserConnectionEnabled=false, nativeEvents=true, acceptSslCerts=true, locationContextEnabled=true, webStorageEnabled=true, browserName=chrome, takesScreenshot=true, javascriptEnabled=true, cssSelectorsEnabled=true}]
Session ID: fd4d7faf9564186de16ca03c83510b3f">
      <![CDATA[org.openqa.selenium.WebDriverException: unknown error: Element is not clickable at point (630, 166). Other element would receive the click: <div class="row">...</div>
  (Session info: chrome=44.0.2403.155)
  (Driver info: chromedriver=2.12.301325 (962dea43ddd90e7e4224a03fa3c36a421281abb7),platform=Windows NT 6.1 SP1 x86) (WARNING: The server did not provide any stacktrace information)
Command duration or timeout: 333 milliseconds
Build info: version: '2.44.0', revision: '76d78cf', time: '2014-10-23 20:03:00'
System info: host: 'admin-', ip: '192.168.1.4', os.name: 'Windows 7', os.arch: 'x86', os.version: '6.1', java.version: '1.8.0_25'
Driver info: org.openqa.selenium.chrome.ChromeDriver
Capabilities [{applicationCacheEnabled=false, rotatable=false, mobileEmulationEnabled=false, chrome={userDataDir=C:\Users\admin\AppData\Local\Temp\scoped_dir200_9099}, takesHeapSnapshot=true, databaseEnabled=false, handlesAlerts=true, version=44.0.2403.155, platform=XP, browserConnectionEnabled=false, nativeEvents=true, acceptSslCerts=true, locationContextEnabled=true, webStorageEnabled=true, browserName=chrome, takesScreenshot=true, javascriptEnabled=true, cssSelectorsEnabled=true}]
Session ID: fd4d7faf9564186de16ca03c83510b3f
	at org.openqa.selenium.remote.ErrorHandler.createThrowable(ErrorHandler.java:204)
	at org.openqa.selenium.remote.ErrorHandler.throwIfResponseFailed(ErrorHandler.java:156)
	at org.openqa.selenium.remote.RemoteWebDriver.execute(RemoteWebDriver.java:599)
	at org.openqa.selenium.remote.RemoteWebElement.execute(RemoteWebElement.java:268)
	at org.openqa.selenium.remote.RemoteWebElement.click(RemoteWebElement.java:79)
	at com.Naukri.Selenium.Layer.Keywords.clickonelement(Keywords.java:72)
	at com.Naukri.Test.NaukriLogin.profiledailyupdate(NaukriLogin.java:39)
... Removed 27 stack frames]]>
    </failure>
  </testcase> <!-- profiledailyupdate -->
  <testcase name="profiledailyupdate" time="35.926" classname="com.Naukri.Test.NaukriLogin">
    <failure type="java.lang.AssertionError" message="Page title is not matching  expected [true] but found [false]">
      <![CDATA[java.lang.AssertionError: Page title is not matching  expected [true] but found [false]
	at com.Naukri.Test.NaukriLogin.profiledailyupdate(NaukriLogin.java:45)
... Removed 26 stack frames]]>
    </failure>
  </testcase> <!-- profiledailyupdate -->
  <testcase name="profiledailyupdate" time="84.603" classname="com.Naukri.Test.NaukriLogin">
    <failure type="java.lang.Throwable" message="Multiple failures (2):nnFailure 1 of 2:njava.lang.AssertionError: Page title is not matching  expected [true] but found [false]
	at org.testng.Assert.fail(Assert.java:94)
	at org.testng.Assert.failNotEquals(Assert.java:494)
	at org.testng.Assert.assertTrue(Assert.java:42)
	at com.Naukri.Test.NaukriLogin.profiledailyupdate(NaukriLogin.java:45)
	at sun.reflect.NativeMethodAccessorImpl.invoke0(Native Method)
	at sun.reflect.NativeMethodAccessorImpl.invoke(NativeMethodAccessorImpl.java:62)
	at sun.reflect.DelegatingMethodAccessorImpl.invoke(DelegatingMethodAccessorImpl.java:43)
	at java.lang.reflect.Method.invoke(Method.java:483)
	at org.testng.internal.MethodInvocationHelper.invokeMethod(MethodInvocationHelper.java:84)
	at org.testng.internal.Invoker.invokeMethod(Invoker.java:714)
	at org.testng.internal.Invoker.invokeTestMethod(Invoker.java:901)
	at org.testng.internal.Invoker.invokeTestMethods(Invoker.java:1231)
	at org.testng.internal.TestMethodWorker.invokeTestMethods(TestMethodWorker.java:127)
	at org.testng.internal.TestMethodWorker.run(TestMethodWorker.java:111)
	at org.testng.TestRunner.privateRun(TestRunner.java:767)
	at org.testng.TestRunner.run(TestRunner.java:617)
	at org.testng.SuiteRunner.runTest(SuiteRunner.java:334)
	at org.testng.SuiteRunner.runSequentially(SuiteRunner.java:329)
	at org.testng.SuiteRunner.privateRun(SuiteRunner.java:291)
	at org.testng.SuiteRunner.run(SuiteRunner.java:240)
	at org.testng.SuiteRunnerWorker.runSuite(SuiteRunnerWorker.java:52)
	at org.testng.SuiteRunnerWorker.run(SuiteRunnerWorker.java:86)
	at org.testng.TestNG.runSuitesSequentially(TestNG.java:1224)
	at org.testng.TestNG.runSuitesLocally(TestNG.java:1149)
	at org.testng.TestNG.run(TestNG.java:1057)
	at org.testng.TestNG.privateMain(TestNG.java:1364)
	at org.testng.TestNG.main(TestNG.java:1333)
nnFailure 2 of 2:norg.openqa.selenium.InvalidSelectorException: invalid selector: Unable to locate an element with the xpath expression //div[@id=&amp;apos;rPanel&amp;apos;]/div/h2[4]/a because of the following error:
TypeError: Failed to execute &amp;apos;createNSResolver&amp;apos; on &amp;apos;Document&amp;apos;: parameter 1 is not of type &amp;apos;Node&amp;apos;.
  (Session info: chrome=44.0.2403.155)
  (Driver info: chromedriver=2.12.301325 (962dea43ddd90e7e4224a03fa3c36a421281abb7),platform=Windows NT 6.1 SP1 x86) (WARNING: The server did not provide any stacktrace information)
Command duration or timeout: 1.28 seconds
For documentation on this error, please visit: http://seleniumhq.org/exceptions/invalid_selector_exception.html
Build info: version: &amp;apos;2.44.0&amp;apos;, revision: &amp;apos;76d78cf&amp;apos;, time: &amp;apos;2014-10-23 20:03:00&amp;apos;
System info: host: &amp;apos;admin-&amp;apos;, ip: &amp;apos;192.168.1.4&amp;apos;, os.name: &amp;apos;Windows 7&amp;apos;, os.arch: &amp;apos;x86&amp;apos;, os.version: &amp;apos;6.1&amp;apos;, java.version: &amp;apos;1.8.0_25&amp;apos;
Driver info: org.openqa.selenium.chrome.ChromeDriver
Capabilities [{applicationCacheEnabled=false, rotatable=false, mobileEmulationEnabled=false, chrome={userDataDir=C:\Users\admin\AppData\Local\Temp\scoped_dir504_28889}, takesHeapSnapshot=true, databaseEnabled=false, handlesAlerts=true, version=44.0.2403.155, platform=XP, browserConnectionEnabled=false, nativeEvents=true, acceptSslCerts=true, locationContextEnabled=true, webStorageEnabled=true, browserName=chrome, takesScreenshot=true, javascriptEnabled=true, cssSelectorsEnabled=true}]
Session ID: 3a6e1fcfb9a23624f421cb0ce134f67d">
      <![CDATA[java.lang.Throwable: Multiple failures (2):nnFailure 1 of 2:njava.lang.AssertionError: Page title is not matching  expected [true] but found [false]
	at com.Naukri.Test.NaukriLogin.profiledailyupdate(NaukriLogin.java:45)
nnFailure 2 of 2:norg.openqa.selenium.InvalidSelectorException: invalid selector: Unable to locate an element with the xpath expression //div[@id='rPanel']/div/h2[4]/a because of the following error:
TypeError: Failed to execute 'createNSResolver' on 'Document': parameter 1 is not of type 'Node'.
  (Session info: chrome=44.0.2403.155)
  (Driver info: chromedriver=2.12.301325 (962dea43ddd90e7e4224a03fa3c36a421281abb7),platform=Windows NT 6.1 SP1 x86) (WARNING: The server did not provide any stacktrace information)
Command duration or timeout: 1.28 seconds
For documentation on this error, please visit: http://seleniumhq.org/exceptions/invalid_selector_exception.html
Build info: version: '2.44.0', revision: '76d78cf', time: '2014-10-23 20:03:00'
System info: host: 'admin-', ip: '192.168.1.4', os.name: 'Windows 7', os.arch: 'x86', os.version: '6.1', java.version: '1.8.0_25'
Driver info: org.openqa.selenium.chrome.ChromeDriver
Capabilities [{applicationCacheEnabled=false, rotatable=false, mobileEmulationEnabled=false, chrome={userDataDir=C:\Users\admin\AppData\Local\Temp\scoped_dir504_28889}, takesHeapSnapshot=true, databaseEnabled=false, handlesAlerts=true, version=44.0.2403.155, platform=XP, browserConnectionEnabled=false, nativeEvents=true, acceptSslCerts=true, locationContextEnabled=true, webStorageEnabled=true, browserName=chrome, takesScreenshot=true, javascriptEnabled=true, cssSelectorsEnabled=true}]
Session ID: 3a6e1fcfb9a23624f421cb0ce134f67d
	at org.openqa.selenium.remote.ErrorHandler.createThrowable(ErrorHandler.java:204)
	at org.openqa.selenium.remote.ErrorHandler.throwIfResponseFailed(ErrorHandler.java:156)
	at org.openqa.selenium.remote.RemoteWebDriver.execute(RemoteWebDriver.java:599)
	at org.openqa.selenium.remote.RemoteWebDriver.findElement(RemoteWebDriver.java:352)
	at org.openqa.selenium.remote.RemoteWebDriver.findElementByXPath(RemoteWebDriver.java:449)
	at org.openqa.selenium.By$ByXPath.findElement(By.java:357)
	at org.openqa.selenium.remote.RemoteWebDriver.findElement(RemoteWebDriver.java:344)
	at com.Naukri.Selenium.Layer.Keywords.clickonelement(Keywords.java:72)
	at com.Naukri.Test.NaukriLogin.profiledailyupdate(NaukriLogin.java:53)
... Removed 53 stack frames]]>
    </failure>
  </testcase> <!-- profiledailyupdate -->
  <testcase name="profiledailyupdate" time="0.0" classname="com.Naukri.Test.NaukriLogin">
    <skipped/>
  </testcase> <!-- profiledailyupdate -->
</testsuite> <!-- Login test -->
